  Game.cpp
C:\Users\c00236511\Desktop\game-prog-lab-8\gameplay-programming-i-lab-08\SFMLOpenGL\Game.cpp(100,29): warning C4244:  '=': conversion from 'double' to 'float', possible loss of data
C:\Users\c00236511\Desktop\game-prog-lab-8\gameplay-programming-i-lab-08\SFMLOpenGL\Game.cpp(101,25): warning C4244:  '=': conversion from 'double' to 'float', possible loss of data
C:\Users\c00236511\Desktop\game-prog-lab-8\gameplay-programming-i-lab-08\SFMLOpenGL\Game.cpp(102,29): warning C4244:  '=': conversion from 'double' to 'float', possible loss of data
C:\Users\c00236511\Desktop\game-prog-lab-8\gameplay-programming-i-lab-08\SFMLOpenGL\Game.cpp(114,29): warning C4244:  '=': conversion from 'double' to 'float', possible loss of data
C:\Users\c00236511\Desktop\game-prog-lab-8\gameplay-programming-i-lab-08\SFMLOpenGL\Game.cpp(115,29): warning C4244:  '=': conversion from 'double' to 'float', possible loss of data
C:\Users\c00236511\Desktop\game-prog-lab-8\gameplay-programming-i-lab-08\SFMLOpenGL\Game.cpp(116,25): warning C4244:  '=': conversion from 'double' to 'float', possible loss of data
C:\Users\c00236511\Desktop\game-prog-lab-8\gameplay-programming-i-lab-08\SFMLOpenGL\Game.cpp(127,25): warning C4244:  '=': conversion from 'double' to 'float', possible loss of data
C:\Users\c00236511\Desktop\game-prog-lab-8\gameplay-programming-i-lab-08\SFMLOpenGL\Game.cpp(128,29): warning C4244:  '=': conversion from 'double' to 'float', possible loss of data
C:\Users\c00236511\Desktop\game-prog-lab-8\gameplay-programming-i-lab-08\SFMLOpenGL\Game.cpp(129,29): warning C4244:  '=': conversion from 'double' to 'float', possible loss of data
C:\Users\c00236511\Desktop\game-prog-lab-8\gameplay-programming-i-lab-08\SFMLOpenGL\Game.cpp(142,25): warning C4244:  '=': conversion from 'double' to 'float', possible loss of data
C:\Users\c00236511\Desktop\game-prog-lab-8\gameplay-programming-i-lab-08\SFMLOpenGL\Game.cpp(143,29): warning C4244:  '=': conversion from 'double' to 'float', possible loss of data
C:\Users\c00236511\Desktop\game-prog-lab-8\gameplay-programming-i-lab-08\SFMLOpenGL\Game.cpp(157,25): warning C4244:  '=': conversion from 'double' to 'float', possible loss of data
C:\Users\c00236511\Desktop\game-prog-lab-8\gameplay-programming-i-lab-08\SFMLOpenGL\Game.cpp(158,29): warning C4244:  '=': conversion from 'double' to 'float', possible loss of data
C:\Users\c00236511\Desktop\game-prog-lab-8\gameplay-programming-i-lab-08\SFMLOpenGL\Game.cpp(159,29): warning C4244:  '=': conversion from 'double' to 'float', possible loss of data
C:\Users\c00236511\Desktop\game-prog-lab-8\gameplay-programming-i-lab-08\SFMLOpenGL\Game.cpp(171,25): warning C4244:  '=': conversion from 'double' to 'float', possible loss of data
C:\Users\c00236511\Desktop\game-prog-lab-8\gameplay-programming-i-lab-08\SFMLOpenGL\Game.cpp(172,29): warning C4244:  '=': conversion from 'double' to 'float', possible loss of data
C:\Users\c00236511\Desktop\game-prog-lab-8\gameplay-programming-i-lab-08\SFMLOpenGL\Game.cpp(173,29): warning C4244:  '=': conversion from 'double' to 'float', possible loss of data
  SFMLOpenGL.vcxproj -> C:\Users\c00236511\Desktop\game-prog-lab-8\gameplay-programming-i-lab-08\Debug\SFMLOpenGL.exe
  C:\SFML-2.5.1\bin\openal32.dll
  C:\SFML-2.5.1\bin\sfml-audio-2.dll
  C:\SFML-2.5.1\bin\sfml-audio-d-2.dll
  C:\SFML-2.5.1\bin\sfml-graphics-2.dll
  C:\SFML-2.5.1\bin\sfml-graphics-d-2.dll
  C:\SFML-2.5.1\bin\sfml-network-2.dll
  C:\SFML-2.5.1\bin\sfml-network-d-2.dll
  C:\SFML-2.5.1\bin\sfml-system-2.dll
  C:\SFML-2.5.1\bin\sfml-system-d-2.dll
  C:\SFML-2.5.1\bin\sfml-window-2.dll
  C:\SFML-2.5.1\bin\sfml-window-d-2.dll
  11 File(s) copied
